
> al-zahra-smart-erp@1.0.0 build
> vite build

vite v5.4.21 building for production...
transforming...
✓ 4729 modules transformed.
rendering chunks...
computing gzip size...
dist/registerSW.js                                      0.13 kB
dist/manifest.webmanifest                               0.36 kB
dist/index.html                                         2.99 kB │ gzip:   1.26 kB
dist/assets/ReportsPage-D_R32kmK.css                    1.58 kB │ gzip:   0.70 kB
dist/assets/index-Bt8KilFU.css                        241.66 kB │ gzip:  32.60 kB
dist/assets/taxDiscountStore-nP6sapAG.js                0.34 kB │ gzip:   0.24 kB
dist/assets/Card-BdwRV-WW.js                            0.39 kB │ gzip:   0.29 kB
dist/assets/AIBrainPage-B5CNQ0u1.js                     0.45 kB │ gzip:   0.39 kB
dist/assets/AICommandCenter-HwWhTaZ6.js                 0.46 kB │ gzip:   0.39 kB
dist/assets/service-DWz4NcQ_.js                         0.66 kB │ gzip:   0.30 kB
dist/assets/Avatar-Dsy3ZpUh.js                          0.69 kB │ gzip:   0.46 kB
dist/assets/useReports-BD-Mkz4_.js                      0.79 kB │ gzip:   0.39 kB
dist/assets/migrateCashboxBalances-C__7xS90.js          1.01 kB │ gzip:   0.63 kB
dist/assets/AuthorizeActionUsecase-Cmwjxvuv.js          1.11 kB │ gzip:   0.64 kB
dist/assets/EmptyState-R_lDACRA.js                      1.19 kB │ gzip:   0.57 kB
dist/assets/StatCard-hgEegsz9.js                        1.52 kB │ gzip:   0.71 kB
dist/assets/CustomerSegmentation-CL4n5A20.js            1.60 kB │ gzip:   0.71 kB
dist/assets/Input-CM8HORgt.js                           1.84 kB │ gzip:   0.97 kB
dist/assets/QuickActions-B-uv-gYd.js                    2.09 kB │ gzip:   1.05 kB
dist/assets/useVehicleCompatibility-kA7tqjb5.js         2.10 kB │ gzip:   1.18 kB
dist/assets/InventoryOverview-fSkyUzC7.js               2.37 kB │ gzip:   1.04 kB
dist/assets/ErrorDisplay-CLYPebCM.js                    2.42 kB │ gzip:   1.07 kB
dist/assets/CategoriesChart-Ww1mqm1K.js                 2.45 kB │ gzip:   1.27 kB
dist/assets/index.module-B9mgDxv8.js                    2.48 kB │ gzip:   1.06 kB
dist/assets/SmartPurchaseAlert-CceH995S.js              2.51 kB │ gzip:   1.11 kB
dist/assets/SmartTargets-CSI3dupx.js                    2.55 kB │ gzip:   1.02 kB
dist/assets/MicroListItem-DThH-P1a.js                   2.61 kB │ gzip:   1.00 kB
dist/assets/ConfirmModal-b602MZQ-.js                    2.68 kB │ gzip:   1.09 kB
dist/assets/AISmartNotifications-CvM-roFv.js            2.76 kB │ gzip:   1.37 kB
dist/assets/useAccounts-D6b41fv-.js                     2.99 kB │ gzip:   1.18 kB
dist/assets/journalService-BQ2sQ05A.js                  3.13 kB │ gzip:   1.44 kB
dist/assets/AddAccountModal-Be4k7O0R.js                 3.23 kB │ gzip:   1.45 kB
dist/assets/hooks-B4cn3rCd.js                           3.29 kB │ gzip:   1.33 kB
dist/assets/index-CThV525i.js                           3.62 kB │ gzip:   1.39 kB
dist/assets/AlertsPanel-BSt-Kgub.js                     3.78 kB │ gzip:   1.36 kB
dist/assets/hooks-B0bGd1Lx.js                           3.95 kB │ gzip:   1.67 kB
dist/assets/useInventoryManagement-BReMn59n.js          3.95 kB │ gzip:   1.35 kB
dist/assets/WarehouseTransferSuggestions-yukz8d9n.js    4.14 kB │ gzip:   1.60 kB
dist/assets/BalanceSheet-BHklrPU-.js                    4.19 kB │ gzip:   1.63 kB
dist/assets/FinancialHealthScore-CGduGTvQ.js            4.41 kB │ gzip:   1.93 kB
dist/assets/PerformanceGauge-D4lMnu1F.js                4.59 kB │ gzip:   1.80 kB
dist/assets/LedgerView-XHNC54jX.js                      4.77 kB │ gzip:   1.90 kB
dist/assets/StatsGrid-DJ62pMTn.js                       4.87 kB │ gzip:   2.00 kB
dist/assets/hooks-Cub1xkEe.js                           5.13 kB │ gzip:   1.89 kB
dist/assets/CashFlowWidget-BadT6E5q.js                  5.29 kB │ gzip:   1.48 kB
dist/assets/DeadStockPage-CjBzMv_R.js                   5.43 kB │ gzip:   1.55 kB
dist/assets/usePurchaseReturns-CTK2DPRV.js              5.54 kB │ gzip:   2.31 kB
dist/assets/IncomeStatement-bt3ij2yp.js                 5.59 kB │ gzip:   2.00 kB
dist/assets/CustomerSelector-Bp_vEXoh.js                5.80 kB │ gzip:   2.37 kB
dist/assets/TopPerformers-3M_LsX1j.js                   6.08 kB │ gzip:   1.65 kB
dist/assets/AuditSessionPage-B9R4kR0A.js                6.17 kB │ gzip:   2.48 kB
dist/assets/service-BhaoHOmE.js                         6.36 kB │ gzip:   1.98 kB
dist/assets/RevenueExpensesChart-v1xTxKux.js            6.61 kB │ gzip:   2.16 kB
dist/assets/AccountingPage-OATpgl1z.js                  7.47 kB │ gzip:   2.93 kB
dist/assets/ShareButton-Bu8dEj1C.js                     8.69 kB │ gzip:   3.76 kB
dist/assets/TreasuryView-BUCt_HWU.js                    9.03 kB │ gzip:   3.59 kB
dist/assets/SmartImportView-p0lMkcmx.js                 9.32 kB │ gzip:   3.22 kB
dist/assets/AccountingOverview-CL1TeEU5.js             10.35 kB │ gzip:   3.65 kB
dist/assets/index-EY0vH3zh.js                          11.22 kB │ gzip:   3.66 kB
dist/assets/JournalTable-CAYBHge-.js                   11.56 kB │ gzip:   3.28 kB
dist/assets/AccountsTable-CE0yhLr0.js                  12.09 kB │ gzip:   4.14 kB
dist/assets/AddJournalEntryModal-FYyGljyJ.js           13.09 kB │ gzip:   3.79 kB
dist/assets/VehicleCompatibilityPage-D3Q3lj83.js       14.26 kB │ gzip:   4.33 kB
dist/assets/AppearancePage-C-CeUIFy.js                 22.05 kB │ gzip:   6.17 kB
dist/assets/purify.es-B9ZVCkUG.js                      22.64 kB │ gzip:   8.75 kB
dist/assets/POSPage-BEwo4V3V.js                        24.65 kB │ gzip:   7.20 kB
dist/assets/ExcelTable-DhhUVXNh.js                     29.15 kB │ gzip:   8.85 kB
dist/assets/ExpensesPage-D2gJYBS7.js                   33.94 kB │ gzip:   9.60 kB
dist/assets/VehiclesPage-BOLAFyD-.js                   34.81 kB │ gzip:   9.47 kB
dist/assets/BondsPage-BvGEi_RR.js                      37.08 kB │ gzip:   9.89 kB
dist/assets/AdvancedReturnModal-CwxlH9Ci.js            45.68 kB │ gzip:  11.69 kB
dist/assets/types-Co5dBHNr.js                          53.01 kB │ gzip:  12.12 kB
dist/assets/PartiesPage-BUw-XBSK.js                    55.56 kB │ gzip:  15.34 kB
dist/assets/PurchasesPage-BN9Av-B_.js                  78.06 kB │ gzip:  19.77 kB
dist/assets/vendor-icons-DBr5gXQ_.js                   79.98 kB │ gzip:  15.53 kB
dist/assets/SalesPage-Ko3p9abr.js                      90.35 kB │ gzip:  22.78 kB
dist/assets/ReportsPage-KW42U53n.js                   110.55 kB │ gzip:  23.45 kB
dist/assets/index.es-Btt1EMm6.js                      150.49 kB │ gzip:  51.48 kB
dist/assets/SettingsPage-CLHneyiO.js                  161.97 kB │ gzip:  33.09 kB
dist/assets/InventoryPage-491lBep_.js                 173.57 kB │ gzip:  41.01 kB
dist/assets/vendor-data-DUCY2glI.js                   257.85 kB │ gzip:  71.62 kB
dist/assets/vendor-react-C5aX4FD4.js                  276.32 kB │ gzip:  89.80 kB
dist/assets/vendor-charts-CRV6ajWl.js                 406.97 kB │ gzip: 117.04 kB
dist/assets/index-C6TnhZn8.js                         468.06 kB │ gzip: 146.89 kB
dist/assets/vendor-export-BgSNb_C8.js                 592.68 kB │ gzip: 177.13 kB
dist/assets/vendor-xlsx-BExqYfJo.js                   710.83 kB │ gzip: 349.19 kB
✓ built in 29.18s

PWA v1.2.0
mode      generateSW
precache  89 entries (5100.37 KiB)
files generated
  dist/sw.js
  dist/workbox-8c29f6e4.js
